{"C:\\Users\\ebert\\Documents\\GitHub\\plataforma-horarios-ia\\server\\src\\index.js": {"path":"C:\\Users\\ebert\\Documents\\GitHub\\plataforma-horarios-ia\\server\\src\\index.js","statementMap":{"0":{"start":{"line":2,"column":0},"end":{"line":2,"column":null}},"1":{"start":{"line":8,"column":6},"end":{"line":8,"column":null}},"2":{"start":{"line":9,"column":6},"end":{"line":9,"column":null}},"3":{"start":{"line":10,"column":6},"end":{"line":10,"column":null}},"4":{"start":{"line":11,"column":0},"end":{"line":11,"column":null}},"5":{"start":{"line":23,"column":6},"end":{"line":23,"column":null}},"6":{"start":{"line":24,"column":13},"end":{"line":24,"column":null}},"7":{"start":{"line":27,"column":0},"end":{"line":27,"column":null}},"8":{"start":{"line":28,"column":0},"end":{"line":28,"column":null}},"9":{"start":{"line":29,"column":0},"end":{"line":29,"column":null}},"10":{"start":{"line":30,"column":0},"end":{"line":30,"column":null}},"11":{"start":{"line":33,"column":0},"end":{"line":37,"column":null}},"12":{"start":{"line":40,"column":0},"end":{"line":44,"column":null}},"13":{"start":{"line":47,"column":0},"end":{"line":47,"column":null}},"14":{"start":{"line":48,"column":0},"end":{"line":48,"column":null}},"15":{"start":{"line":49,"column":0},"end":{"line":49,"column":null}},"16":{"start":{"line":50,"column":0},"end":{"line":50,"column":null}},"17":{"start":{"line":50,"column":35},"end":{"line":50,"column":61}},"18":{"start":{"line":53,"column":0},"end":{"line":57,"column":null}},"19":{"start":{"line":54,"column":2},"end":{"line":56,"column":null}},"20":{"start":{"line":55,"column":4},"end":{"line":55,"column":null}},"21":{"start":{"line":55,"column":27},"end":{"line":55,"column":78}}},"fnMap":{"0":{"name":"(anonymous_0)","decl":{"start":{"line":50,"column":8},"end":{"line":50,"column":24}},"loc":{"start":{"line":50,"column":35},"end":{"line":50,"column":61}},"line":50},"1":{"name":"(anonymous_1)","decl":{"start":{"line":54,"column":14},"end":{"line":54,"column":null}},"loc":{"start":{"line":55,"column":4},"end":{"line":55,"column":null}},"line":55},"2":{"name":"(anonymous_2)","decl":{"start":{"line":55,"column":15},"end":{"line":55,"column":27}},"loc":{"start":{"line":55,"column":27},"end":{"line":55,"column":78}},"line":55}},"branchMap":{"0":{"loc":{"start":{"line":24,"column":13},"end":{"line":24,"column":null}},"type":"binary-expr","locations":[{"start":{"line":24,"column":13},"end":{"line":24,"column":33}},{"start":{"line":24,"column":33},"end":{"line":24,"column":null}}],"line":24},"1":{"loc":{"start":{"line":53,"column":0},"end":{"line":57,"column":null}},"type":"if","locations":[{"start":{"line":53,"column":0},"end":{"line":57,"column":null}},{"start":{},"end":{}}],"line":53}},"s":{"0":3,"1":3,"2":3,"3":3,"4":3,"5":3,"6":3,"7":3,"8":3,"9":3,"10":3,"11":3,"12":3,"13":3,"14":3,"15":3,"16":3,"17":0,"18":3,"19":0,"20":0,"21":0},"f":{"0":0,"1":0,"2":0},"b":{"0":[3,0],"1":[0,3]},"meta":{"lastBranch":2,"lastFunction":3,"lastStatement":22,"seen":{"s:2:0:2:Infinity":0,"s:8:6:8:Infinity":1,"s:9:6:9:Infinity":2,"s:10:6:10:Infinity":3,"s:11:0:11:Infinity":4,"s:23:6:23:Infinity":5,"s:24:13:24:Infinity":6,"b:24:13:24:33:24:33:24:Infinity":0,"s:27:0:27:Infinity":7,"s:28:0:28:Infinity":8,"s:29:0:29:Infinity":9,"s:30:0:30:Infinity":10,"s:33:0:37:Infinity":11,"s:40:0:44:Infinity":12,"s:47:0:47:Infinity":13,"s:48:0:48:Infinity":14,"s:49:0:49:Infinity":15,"s:50:0:50:Infinity":16,"f:50:8:50:24":0,"s:50:35:50:61":17,"b:53:0:57:Infinity:undefined:undefined:undefined:undefined":1,"s:53:0:57:Infinity":18,"s:54:2:56:Infinity":19,"f:54:14:54:Infinity":1,"s:55:4:55:Infinity":20,"f:55:15:55:27":2,"s:55:27:55:78":21},"fnNames":{}}}
,"C:\\Users\\ebert\\Documents\\GitHub\\plataforma-horarios-ia\\server\\src\\config\\db.js": {"path":"C:\\Users\\ebert\\Documents\\GitHub\\plataforma-horarios-ia\\server\\src\\config\\db.js","statementMap":{"0":{"start":{"line":3,"column":25},"end":{"line":8,"column":null}},"1":{"start":{"line":4,"column":15},"end":{"line":4,"column":17}},"2":{"start":{"line":5,"column":2},"end":{"line":5,"column":60}},"3":{"start":{"line":5,"column":27},"end":{"line":5,"column":60}},"4":{"start":{"line":6,"column":15},"end":{"line":6,"column":66}},"5":{"start":{"line":7,"column":2},"end":{"line":7,"column":127}}},"fnMap":{"0":{"name":"(anonymous_0)","decl":{"start":{"line":3,"column":25},"end":{"line":3,"column":30}},"loc":{"start":{"line":3,"column":37},"end":{"line":8,"column":null}},"line":3}},"branchMap":{"0":{"loc":{"start":{"line":5,"column":2},"end":{"line":5,"column":60}},"type":"if","locations":[{"start":{"line":5,"column":2},"end":{"line":5,"column":60}},{"start":{},"end":{}}],"line":5},"1":{"loc":{"start":{"line":7,"column":68},"end":{"line":7,"column":124}},"type":"binary-expr","locations":[{"start":{"line":7,"column":68},"end":{"line":7,"column":88}},{"start":{"line":7,"column":92},"end":{"line":7,"column":124}}],"line":7}},"s":{"0":3,"1":0,"2":0,"3":0,"4":0,"5":0},"f":{"0":0},"b":{"0":[0,0],"1":[0,0]},"meta":{"lastBranch":2,"lastFunction":1,"lastStatement":6,"seen":{"s:3:25:8:Infinity":0,"f:3:25:3:30":0,"s:4:15:4:17":1,"b:5:2:5:60:undefined:undefined:undefined:undefined":0,"s:5:2:5:60":2,"s:5:27:5:60":3,"s:6:15:6:66":4,"s:7:2:7:127":5,"b:7:68:7:88:7:92:7:124":1},"fnNames":{}}}
,"C:\\Users\\ebert\\Documents\\GitHub\\plataforma-horarios-ia\\server\\src\\controllers\\auth.controller.js": {"path":"C:\\Users\\ebert\\Documents\\GitHub\\plataforma-horarios-ia\\server\\src\\controllers\\auth.controller.js","statementMap":{"0":{"start":{"line":5,"column":24},"end":{"line":39,"column":1}},"1":{"start":{"line":6,"column":2},"end":{"line":38,"column":3}},"2":{"start":{"line":11,"column":8},"end":{"line":11,"column":16}},"3":{"start":{"line":13,"column":4},"end":{"line":14,"column":101}},"4":{"start":{"line":14,"column":6},"end":{"line":14,"column":101}},"5":{"start":{"line":16,"column":4},"end":{"line":17,"column":77}},"6":{"start":{"line":17,"column":6},"end":{"line":17,"column":77}},"7":{"start":{"line":19,"column":17},"end":{"line":30,"column":6}},"8":{"start":{"line":32,"column":4},"end":{"line":32,"column":84}},"9":{"start":{"line":34,"column":4},"end":{"line":34,"column":66}},"10":{"start":{"line":36,"column":4},"end":{"line":36,"column":39}},"11":{"start":{"line":37,"column":4},"end":{"line":37,"column":48}},"12":{"start":{"line":41,"column":21},"end":{"line":62,"column":1}},"13":{"start":{"line":42,"column":2},"end":{"line":61,"column":3}},"14":{"start":{"line":43,"column":32},"end":{"line":43,"column":40}},"15":{"start":{"line":44,"column":4},"end":{"line":45,"column":79}},"16":{"start":{"line":45,"column":6},"end":{"line":45,"column":79}},"17":{"start":{"line":47,"column":17},"end":{"line":47,"column":56}},"18":{"start":{"line":48,"column":4},"end":{"line":54,"column":5}},"19":{"start":{"line":49,"column":6},"end":{"line":52,"column":8}},"20":{"start":{"line":53,"column":6},"end":{"line":53,"column":72}},"21":{"start":{"line":56,"column":4},"end":{"line":56,"column":81}},"22":{"start":{"line":58,"column":4},"end":{"line":58,"column":54}},"23":{"start":{"line":60,"column":4},"end":{"line":60,"column":48}},"24":{"start":{"line":64,"column":21},"end":{"line":66,"column":1}},"25":{"start":{"line":65,"column":2},"end":{"line":65,"column":20}},"26":{"start":{"line":68,"column":35},"end":{"line":76,"column":null}},"27":{"start":{"line":69,"column":2},"end":{"line":75,"column":3}},"28":{"start":{"line":70,"column":24},"end":{"line":70,"column":32}},"29":{"start":{"line":71,"column":17},"end":{"line":71,"column":92}},"30":{"start":{"line":72,"column":4},"end":{"line":72,"column":18}},"31":{"start":{"line":74,"column":4},"end":{"line":74,"column":48}}},"fnMap":{"0":{"name":"(anonymous_0)","decl":{"start":{"line":5,"column":24},"end":{"line":5,"column":29}},"loc":{"start":{"line":5,"column":44},"end":{"line":39,"column":1}},"line":5},"1":{"name":"(anonymous_1)","decl":{"start":{"line":41,"column":21},"end":{"line":41,"column":26}},"loc":{"start":{"line":41,"column":41},"end":{"line":62,"column":1}},"line":41},"2":{"name":"(anonymous_2)","decl":{"start":{"line":64,"column":21},"end":{"line":64,"column":26}},"loc":{"start":{"line":64,"column":41},"end":{"line":66,"column":1}},"line":64},"3":{"name":"(anonymous_3)","decl":{"start":{"line":68,"column":35},"end":{"line":68,"column":40}},"loc":{"start":{"line":68,"column":55},"end":{"line":76,"column":null}},"line":68}},"branchMap":{"0":{"loc":{"start":{"line":13,"column":4},"end":{"line":14,"column":101}},"type":"if","locations":[{"start":{"line":13,"column":4},"end":{"line":14,"column":101}},{"start":{},"end":{}}],"line":13},"1":{"loc":{"start":{"line":13,"column":8},"end":{"line":13,"column":50}},"type":"binary-expr","locations":[{"start":{"line":13,"column":8},"end":{"line":13,"column":13}},{"start":{"line":13,"column":17},"end":{"line":13,"column":23}},{"start":{"line":13,"column":27},"end":{"line":13,"column":36}},{"start":{"line":13,"column":40},"end":{"line":13,"column":50}}],"line":13},"2":{"loc":{"start":{"line":16,"column":4},"end":{"line":17,"column":77}},"type":"if","locations":[{"start":{"line":16,"column":4},"end":{"line":17,"column":77}},{"start":{},"end":{}}],"line":16},"3":{"loc":{"start":{"line":22,"column":24},"end":{"line":22,"column":39}},"type":"binary-expr","locations":[{"start":{"line":22,"column":24},"end":{"line":22,"column":33}},{"start":{"line":22,"column":37},"end":{"line":22,"column":39}}],"line":22},"4":{"loc":{"start":{"line":26,"column":19},"end":{"line":26,"column":31}},"type":"binary-expr","locations":[{"start":{"line":26,"column":19},"end":{"line":26,"column":25}},{"start":{"line":26,"column":29},"end":{"line":26,"column":31}}],"line":26},"5":{"loc":{"start":{"line":27,"column":23},"end":{"line":27,"column":39}},"type":"binary-expr","locations":[{"start":{"line":27,"column":23},"end":{"line":27,"column":33}},{"start":{"line":27,"column":37},"end":{"line":27,"column":39}}],"line":27},"6":{"loc":{"start":{"line":28,"column":26},"end":{"line":28,"column":41}},"type":"binary-expr","locations":[{"start":{"line":28,"column":26},"end":{"line":28,"column":35}},{"start":{"line":28,"column":39},"end":{"line":28,"column":41}}],"line":28},"7":{"loc":{"start":{"line":44,"column":4},"end":{"line":45,"column":79}},"type":"if","locations":[{"start":{"line":44,"column":4},"end":{"line":45,"column":79}},{"start":{},"end":{}}],"line":44},"8":{"loc":{"start":{"line":44,"column":8},"end":{"line":44,"column":27}},"type":"binary-expr","locations":[{"start":{"line":44,"column":8},"end":{"line":44,"column":14}},{"start":{"line":44,"column":18},"end":{"line":44,"column":27}}],"line":44},"9":{"loc":{"start":{"line":48,"column":4},"end":{"line":54,"column":5}},"type":"if","locations":[{"start":{"line":48,"column":4},"end":{"line":54,"column":5}},{"start":{},"end":{}}],"line":48},"10":{"loc":{"start":{"line":48,"column":8},"end":{"line":48,"column":56}},"type":"binary-expr","locations":[{"start":{"line":48,"column":8},"end":{"line":48,"column":13}},{"start":{"line":48,"column":17},"end":{"line":48,"column":56}}],"line":48}},"s":{"0":3,"1":3,"2":3,"3":3,"4":1,"5":2,"6":2,"7":1,"8":1,"9":1,"10":0,"11":0,"12":3,"13":2,"14":2,"15":2,"16":0,"17":2,"18":2,"19":1,"20":1,"21":1,"22":1,"23":0,"24":3,"25":1,"26":3,"27":1,"28":1,"29":1,"30":1,"31":0},"f":{"0":3,"1":2,"2":1,"3":1},"b":{"0":[1,2],"1":[3,2,2,2],"2":[1,1],"3":[1,1],"4":[3,1],"5":[3,1],"6":[3,1],"7":[0,2],"8":[2,2],"9":[1,1],"10":[2,2]},"meta":{"lastBranch":11,"lastFunction":4,"lastStatement":32,"seen":{"s:5:24:39:1":0,"f:5:24:5:29":0,"s:6:2:38:3":1,"s:11:8:11:16":2,"b:13:4:14:101:undefined:undefined:undefined:undefined":0,"s:13:4:14:101":3,"b:13:8:13:13:13:17:13:23:13:27:13:36:13:40:13:50":1,"s:14:6:14:101":4,"b:16:4:17:77:undefined:undefined:undefined:undefined":2,"s:16:4:17:77":5,"s:17:6:17:77":6,"s:19:17:30:6":7,"b:22:24:22:33:22:37:22:39":3,"b:26:19:26:25:26:29:26:31":4,"b:27:23:27:33:27:37:27:39":5,"b:28:26:28:35:28:39:28:41":6,"s:32:4:32:84":8,"s:34:4:34:66":9,"s:36:4:36:39":10,"s:37:4:37:48":11,"s:41:21:62:1":12,"f:41:21:41:26":1,"s:42:2:61:3":13,"s:43:32:43:40":14,"b:44:4:45:79:undefined:undefined:undefined:undefined":7,"s:44:4:45:79":15,"b:44:8:44:14:44:18:44:27":8,"s:45:6:45:79":16,"s:47:17:47:56":17,"b:48:4:54:5:undefined:undefined:undefined:undefined":9,"s:48:4:54:5":18,"b:48:8:48:13:48:17:48:56":10,"s:49:6:52:8":19,"s:53:6:53:72":20,"s:56:4:56:81":21,"s:58:4:58:54":22,"s:60:4:60:48":23,"s:64:21:66:1":24,"f:64:21:64:26":2,"s:65:2:65:20":25,"s:68:35:76:Infinity":26,"f:68:35:68:40":3,"s:69:2:75:3":27,"s:70:24:70:32":28,"s:71:17:71:92":29,"s:72:4:72:18":30,"s:74:4:74:48":31},"fnNames":{}}}
,"C:\\Users\\ebert\\Documents\\GitHub\\plataforma-horarios-ia\\server\\src\\controllers\\course.controller.js": {"path":"C:\\Users\\ebert\\Documents\\GitHub\\plataforma-horarios-ia\\server\\src\\controllers\\course.controller.js","statementMap":{"0":{"start":{"line":4,"column":26},"end":{"line":7,"column":1}},"1":{"start":{"line":5,"column":18},"end":{"line":5,"column":65}},"2":{"start":{"line":6,"column":2},"end":{"line":6,"column":19}},"3":{"start":{"line":9,"column":28},"end":{"line":30,"column":1}},"4":{"start":{"line":10,"column":2},"end":{"line":29,"column":3}},"5":{"start":{"line":11,"column":65},"end":{"line":11,"column":73}},"6":{"start":{"line":12,"column":19},"end":{"line":20,"column":6}},"7":{"start":{"line":23,"column":18},"end":{"line":23,"column":65}},"8":{"start":{"line":24,"column":4},"end":{"line":24,"column":81}},"9":{"start":{"line":26,"column":4},"end":{"line":26,"column":32}},"10":{"start":{"line":28,"column":4},"end":{"line":28,"column":48}},"11":{"start":{"line":32,"column":28},"end":{"line":47,"column":1}},"12":{"start":{"line":33,"column":2},"end":{"line":46,"column":3}},"13":{"start":{"line":34,"column":59},"end":{"line":34,"column":67}},"14":{"start":{"line":35,"column":19},"end":{"line":41,"column":6}},"15":{"start":{"line":42,"column":4},"end":{"line":42,"column":80}},"16":{"start":{"line":42,"column":17},"end":{"line":42,"column":80}},"17":{"start":{"line":43,"column":4},"end":{"line":43,"column":20}},"18":{"start":{"line":45,"column":4},"end":{"line":45,"column":48}},"19":{"start":{"line":49,"column":28},"end":{"line":57,"column":null}},"20":{"start":{"line":50,"column":17},"end":{"line":50,"column":86}},"21":{"start":{"line":51,"column":2},"end":{"line":51,"column":78}},"22":{"start":{"line":51,"column":15},"end":{"line":51,"column":78}},"23":{"start":{"line":53,"column":16},"end":{"line":53,"column":63}},"24":{"start":{"line":54,"column":2},"end":{"line":54,"column":79}},"25":{"start":{"line":56,"column":2},"end":{"line":56,"column":42}}},"fnMap":{"0":{"name":"(anonymous_0)","decl":{"start":{"line":4,"column":26},"end":{"line":4,"column":31}},"loc":{"start":{"line":4,"column":46},"end":{"line":7,"column":1}},"line":4},"1":{"name":"(anonymous_1)","decl":{"start":{"line":9,"column":28},"end":{"line":9,"column":33}},"loc":{"start":{"line":9,"column":48},"end":{"line":30,"column":1}},"line":9},"2":{"name":"(anonymous_2)","decl":{"start":{"line":32,"column":28},"end":{"line":32,"column":33}},"loc":{"start":{"line":32,"column":48},"end":{"line":47,"column":1}},"line":32},"3":{"name":"(anonymous_3)","decl":{"start":{"line":49,"column":28},"end":{"line":49,"column":33}},"loc":{"start":{"line":49,"column":48},"end":{"line":57,"column":null}},"line":49}},"branchMap":{"0":{"loc":{"start":{"line":15,"column":29},"end":{"line":15,"column":39}},"type":"binary-expr","locations":[{"start":{"line":15,"column":29},"end":{"line":15,"column":34}},{"start":{"line":15,"column":38},"end":{"line":15,"column":39}}],"line":15},"1":{"loc":{"start":{"line":16,"column":29},"end":{"line":16,"column":42}},"type":"binary-expr","locations":[{"start":{"line":16,"column":29},"end":{"line":16,"column":37}},{"start":{"line":16,"column":41},"end":{"line":16,"column":42}}],"line":16},"2":{"loc":{"start":{"line":17,"column":29},"end":{"line":17,"column":42}},"type":"binary-expr","locations":[{"start":{"line":17,"column":29},"end":{"line":17,"column":36}},{"start":{"line":17,"column":40},"end":{"line":17,"column":42}}],"line":17},"3":{"loc":{"start":{"line":18,"column":29},"end":{"line":18,"column":44}},"type":"binary-expr","locations":[{"start":{"line":18,"column":29},"end":{"line":18,"column":39}},{"start":{"line":18,"column":43},"end":{"line":18,"column":44}}],"line":18},"4":{"loc":{"start":{"line":19,"column":29},"end":{"line":19,"column":39}},"type":"binary-expr","locations":[{"start":{"line":19,"column":29},"end":{"line":19,"column":33}},{"start":{"line":19,"column":37},"end":{"line":19,"column":39}}],"line":19},"5":{"loc":{"start":{"line":42,"column":4},"end":{"line":42,"column":80}},"type":"if","locations":[{"start":{"line":42,"column":4},"end":{"line":42,"column":80}},{"start":{},"end":{}}],"line":42},"6":{"loc":{"start":{"line":51,"column":2},"end":{"line":51,"column":78}},"type":"if","locations":[{"start":{"line":51,"column":2},"end":{"line":51,"column":78}},{"start":{},"end":{}}],"line":51}},"s":{"0":3,"1":1,"2":1,"3":3,"4":2,"5":2,"6":2,"7":1,"8":1,"9":1,"10":1,"11":3,"12":2,"13":2,"14":2,"15":2,"16":1,"17":1,"18":0,"19":3,"20":2,"21":2,"22":1,"23":1,"24":1,"25":1},"f":{"0":1,"1":2,"2":2,"3":2},"b":{"0":[2,1],"1":[2,1],"2":[2,1],"3":[2,1],"4":[2,2],"5":[1,1],"6":[1,1]},"meta":{"lastBranch":7,"lastFunction":4,"lastStatement":26,"seen":{"s:4:26:7:1":0,"f:4:26:4:31":0,"s:5:18:5:65":1,"s:6:2:6:19":2,"s:9:28:30:1":3,"f:9:28:9:33":1,"s:10:2:29:3":4,"s:11:65:11:73":5,"s:12:19:20:6":6,"b:15:29:15:34:15:38:15:39":0,"b:16:29:16:37:16:41:16:42":1,"b:17:29:17:36:17:40:17:42":2,"b:18:29:18:39:18:43:18:44":3,"b:19:29:19:33:19:37:19:39":4,"s:23:18:23:65":7,"s:24:4:24:81":8,"s:26:4:26:32":9,"s:28:4:28:48":10,"s:32:28:47:1":11,"f:32:28:32:33":2,"s:33:2:46:3":12,"s:34:59:34:67":13,"s:35:19:41:6":14,"b:42:4:42:80:undefined:undefined:undefined:undefined":5,"s:42:4:42:80":15,"s:42:17:42:80":16,"s:43:4:43:20":17,"s:45:4:45:48":18,"s:49:28:57:Infinity":19,"f:49:28:49:33":3,"s:50:17:50:86":20,"b:51:2:51:78:undefined:undefined:undefined:undefined":6,"s:51:2:51:78":21,"s:51:15:51:78":22,"s:53:16:53:63":23,"s:54:2:54:79":24,"s:56:2:56:42":25},"fnNames":{}}}
,"C:\\Users\\ebert\\Documents\\GitHub\\plataforma-horarios-ia\\server\\src\\controllers\\schedule.controller.js": {"path":"C:\\Users\\ebert\\Documents\\GitHub\\plataforma-horarios-ia\\server\\src\\controllers\\schedule.controller.js","statementMap":{"0":{"start":{"line":6,"column":24},"end":{"line":48,"column":1}},"1":{"start":{"line":7,"column":2},"end":{"line":47,"column":3}},"2":{"start":{"line":8,"column":55},"end":{"line":8,"column":63}},"3":{"start":{"line":10,"column":4},"end":{"line":11,"column":78}},"4":{"start":{"line":11,"column":6},"end":{"line":11,"column":78}},"5":{"start":{"line":14,"column":20},"end":{"line":14,"column":82}},"6":{"start":{"line":15,"column":4},"end":{"line":16,"column":82}},"7":{"start":{"line":16,"column":6},"end":{"line":16,"column":82}},"8":{"start":{"line":19,"column":19},"end":{"line":24,"column":6}},"9":{"start":{"line":27,"column":21},"end":{"line":34,"column":6}},"10":{"start":{"line":29,"column":40},"end":{"line":29,"column":45}},"11":{"start":{"line":36,"column":4},"end":{"line":42,"column":6}},"12":{"start":{"line":44,"column":4},"end":{"line":44,"column":46}},"13":{"start":{"line":46,"column":4},"end":{"line":46,"column":48}},"14":{"start":{"line":50,"column":25},"end":{"line":53,"column":1}},"15":{"start":{"line":51,"column":19},"end":{"line":51,"column":74}},"16":{"start":{"line":52,"column":2},"end":{"line":52,"column":20}},"17":{"start":{"line":55,"column":22},"end":{"line":58,"column":null}},"18":{"start":{"line":56,"column":20},"end":{"line":56,"column":72}},"19":{"start":{"line":57,"column":2},"end":{"line":57,"column":21}}},"fnMap":{"0":{"name":"(anonymous_0)","decl":{"start":{"line":6,"column":24},"end":{"line":6,"column":29}},"loc":{"start":{"line":6,"column":44},"end":{"line":48,"column":1}},"line":6},"1":{"name":"(anonymous_1)","decl":{"start":{"line":29,"column":33},"end":{"line":29,"column":34}},"loc":{"start":{"line":29,"column":40},"end":{"line":29,"column":45}},"line":29},"2":{"name":"(anonymous_2)","decl":{"start":{"line":50,"column":25},"end":{"line":50,"column":30}},"loc":{"start":{"line":50,"column":45},"end":{"line":53,"column":1}},"line":50},"3":{"name":"(anonymous_3)","decl":{"start":{"line":55,"column":22},"end":{"line":55,"column":27}},"loc":{"start":{"line":55,"column":42},"end":{"line":58,"column":null}},"line":55}},"branchMap":{"0":{"loc":{"start":{"line":10,"column":4},"end":{"line":11,"column":78}},"type":"if","locations":[{"start":{"line":10,"column":4},"end":{"line":11,"column":78}},{"start":{},"end":{}}],"line":10},"1":{"loc":{"start":{"line":15,"column":4},"end":{"line":16,"column":82}},"type":"if","locations":[{"start":{"line":15,"column":4},"end":{"line":16,"column":82}},{"start":{},"end":{}}],"line":15},"2":{"loc":{"start":{"line":21,"column":18},"end":{"line":21,"column":42}},"type":"binary-expr","locations":[{"start":{"line":21,"column":18},"end":{"line":21,"column":28}},{"start":{"line":21,"column":32},"end":{"line":21,"column":42}}],"line":21},"3":{"loc":{"start":{"line":22,"column":23},"end":{"line":22,"column":72}},"type":"binary-expr","locations":[{"start":{"line":22,"column":23},"end":{"line":22,"column":38}},{"start":{"line":22,"column":42},"end":{"line":22,"column":66}},{"start":{"line":22,"column":70},"end":{"line":22,"column":72}}],"line":22},"4":{"loc":{"start":{"line":31,"column":21},"end":{"line":31,"column":45}},"type":"binary-expr","locations":[{"start":{"line":31,"column":21},"end":{"line":31,"column":31}},{"start":{"line":31,"column":35},"end":{"line":31,"column":45}}],"line":31},"5":{"loc":{"start":{"line":32,"column":21},"end":{"line":32,"column":42}},"type":"binary-expr","locations":[{"start":{"line":32,"column":21},"end":{"line":32,"column":36}},{"start":{"line":32,"column":40},"end":{"line":32,"column":42}}],"line":32}},"s":{"0":3,"1":3,"2":3,"3":3,"4":1,"5":2,"6":2,"7":2,"8":1,"9":1,"10":1,"11":1,"12":1,"13":0,"14":3,"15":1,"16":1,"17":3,"18":1,"19":1},"f":{"0":3,"1":1,"2":1,"3":1},"b":{"0":[1,2],"1":[1,1],"2":[1,0],"3":[3,0,0],"4":[1,0],"5":[3,0]},"meta":{"lastBranch":6,"lastFunction":4,"lastStatement":20,"seen":{"s:6:24:48:1":0,"f:6:24:6:29":0,"s:7:2:47:3":1,"s:8:55:8:63":2,"b:10:4:11:78:undefined:undefined:undefined:undefined":0,"s:10:4:11:78":3,"s:11:6:11:78":4,"s:14:20:14:82":5,"b:15:4:16:82:undefined:undefined:undefined:undefined":1,"s:15:4:16:82":6,"s:16:6:16:82":7,"s:19:19:24:6":8,"b:21:18:21:28:21:32:21:42":2,"b:22:23:22:38:22:42:22:66:22:70:22:72":3,"s:27:21:34:6":9,"f:29:33:29:34":1,"s:29:40:29:45":10,"b:31:21:31:31:31:35:31:45":4,"b:32:21:32:36:32:40:32:42":5,"s:36:4:42:6":11,"s:44:4:44:46":12,"s:46:4:46:48":13,"s:50:25:53:1":14,"f:50:25:50:30":2,"s:51:19:51:74":15,"s:52:2:52:20":16,"s:55:22:58:Infinity":17,"f:55:22:55:27":3,"s:56:20:56:72":18,"s:57:2:57:21":19},"fnNames":{}}}
,"C:\\Users\\ebert\\Documents\\GitHub\\plataforma-horarios-ia\\server\\src\\middlewares\\auth.middleware.js": {"path":"C:\\Users\\ebert\\Documents\\GitHub\\plataforma-horarios-ia\\server\\src\\middlewares\\auth.middleware.js","statementMap":{"0":{"start":{"line":4,"column":23},"end":{"line":15,"column":null}},"1":{"start":{"line":5,"column":16},"end":{"line":5,"column":56}},"2":{"start":{"line":6,"column":2},"end":{"line":6,"column":71}},"3":{"start":{"line":6,"column":14},"end":{"line":6,"column":71}},"4":{"start":{"line":7,"column":2},"end":{"line":14,"column":3}},"5":{"start":{"line":8,"column":20},"end":{"line":8,"column":61}},"6":{"start":{"line":9,"column":4},"end":{"line":9,"column":66}},"7":{"start":{"line":10,"column":4},"end":{"line":10,"column":84}},"8":{"start":{"line":10,"column":19},"end":{"line":10,"column":84}},"9":{"start":{"line":11,"column":4},"end":{"line":11,"column":10}},"10":{"start":{"line":13,"column":4},"end":{"line":13,"column":55}}},"fnMap":{"0":{"name":"(anonymous_0)","decl":{"start":{"line":4,"column":23},"end":{"line":4,"column":28}},"loc":{"start":{"line":4,"column":49},"end":{"line":15,"column":null}},"line":4}},"branchMap":{"0":{"loc":{"start":{"line":6,"column":2},"end":{"line":6,"column":71}},"type":"if","locations":[{"start":{"line":6,"column":2},"end":{"line":6,"column":71}},{"start":{},"end":{}}],"line":6},"1":{"loc":{"start":{"line":10,"column":4},"end":{"line":10,"column":84}},"type":"if","locations":[{"start":{"line":10,"column":4},"end":{"line":10,"column":84}},{"start":{},"end":{}}],"line":10}},"s":{"0":3,"1":15,"2":15,"3":1,"4":14,"5":14,"6":14,"7":14,"8":0,"9":14,"10":0},"f":{"0":15},"b":{"0":[1,14],"1":[0,14]},"meta":{"lastBranch":2,"lastFunction":1,"lastStatement":11,"seen":{"s:4:23:15:Infinity":0,"f:4:23:4:28":0,"s:5:16:5:56":1,"b:6:2:6:71:undefined:undefined:undefined:undefined":0,"s:6:2:6:71":2,"s:6:14:6:71":3,"s:7:2:14:3":4,"s:8:20:8:61":5,"s:9:4:9:66":6,"b:10:4:10:84:undefined:undefined:undefined:undefined":1,"s:10:4:10:84":7,"s:10:19:10:84":8,"s:11:4:11:10":9,"s:13:4:13:55":10},"fnNames":{}}}
,"C:\\Users\\ebert\\Documents\\GitHub\\plataforma-horarios-ia\\server\\src\\models\\AuditLog.model.js": {"path":"C:\\Users\\ebert\\Documents\\GitHub\\plataforma-horarios-ia\\server\\src\\models\\AuditLog.model.js","statementMap":{"0":{"start":{"line":3,"column":23},"end":{"line":11,"column":49}}},"fnMap":{},"branchMap":{},"s":{"0":1},"f":{},"b":{},"meta":{"lastBranch":0,"lastFunction":0,"lastStatement":1,"seen":{"s:3:23:11:49":0},"fnNames":{}}}
,"C:\\Users\\ebert\\Documents\\GitHub\\plataforma-horarios-ia\\server\\src\\models\\Course.model.js": {"path":"C:\\Users\\ebert\\Documents\\GitHub\\plataforma-horarios-ia\\server\\src\\models\\Course.model.js","statementMap":{"0":{"start":{"line":3,"column":21},"end":{"line":11,"column":47}}},"fnMap":{},"branchMap":{},"s":{"0":1},"f":{},"b":{},"meta":{"lastBranch":0,"lastFunction":0,"lastStatement":1,"seen":{"s:3:21:11:47":0},"fnNames":{}}}
,"C:\\Users\\ebert\\Documents\\GitHub\\plataforma-horarios-ia\\server\\src\\models\\Schedule.model.js": {"path":"C:\\Users\\ebert\\Documents\\GitHub\\plataforma-horarios-ia\\server\\src\\models\\Schedule.model.js","statementMap":{"0":{"start":{"line":4,"column":28},"end":{"line":11,"column":2}},"1":{"start":{"line":13,"column":28},"end":{"line":22,"column":54}}},"fnMap":{},"branchMap":{},"s":{"0":2,"1":2},"f":{},"b":{},"meta":{"lastBranch":0,"lastFunction":0,"lastStatement":2,"seen":{"s:4:28:11:2":0,"s:13:28:22:54":1},"fnNames":{}}}
,"C:\\Users\\ebert\\Documents\\GitHub\\plataforma-horarios-ia\\server\\src\\repositories\\course.repository.js": {"path":"C:\\Users\\ebert\\Documents\\GitHub\\plataforma-horarios-ia\\server\\src\\repositories\\course.repository.js","statementMap":{"0":{"start":{"line":5,"column":4},"end":{"line":5,"column":40}},"1":{"start":{"line":9,"column":4},"end":{"line":9,"column":52}},"2":{"start":{"line":13,"column":4},"end":{"line":13,"column":59}},"3":{"start":{"line":17,"column":4},"end":{"line":17,"column":30}},"4":{"start":{"line":21,"column":4},"end":{"line":21,"column":82}},"5":{"start":{"line":25,"column":4},"end":{"line":25,"column":61}}},"fnMap":{"0":{"name":"findByUser","decl":{"start":{"line":4,"column":8},"end":{"line":4,"column":18}},"loc":{"start":{"line":4,"column":27},"end":{"line":6,"column":3}},"line":4},"1":{"name":"findByIdAndUser","decl":{"start":{"line":8,"column":8},"end":{"line":8,"column":23}},"loc":{"start":{"line":8,"column":36},"end":{"line":10,"column":3}},"line":8},"2":{"name":"findManyByUser","decl":{"start":{"line":12,"column":8},"end":{"line":12,"column":22}},"loc":{"start":{"line":12,"column":36},"end":{"line":14,"column":3}},"line":12},"3":{"name":"create","decl":{"start":{"line":16,"column":8},"end":{"line":16,"column":14}},"loc":{"start":{"line":16,"column":21},"end":{"line":18,"column":3}},"line":16},"4":{"name":"updateByIdAndUser","decl":{"start":{"line":20,"column":8},"end":{"line":20,"column":25}},"loc":{"start":{"line":20,"column":44},"end":{"line":22,"column":3}},"line":20},"5":{"name":"deleteByIdAndUser","decl":{"start":{"line":24,"column":8},"end":{"line":24,"column":25}},"loc":{"start":{"line":24,"column":38},"end":{"line":26,"column":3}},"line":24}},"branchMap":{},"s":{"0":0,"1":0,"2":0,"3":0,"4":0,"5":0},"f":{"0":0,"1":0,"2":0,"3":0,"4":0,"5":0},"b":{},"meta":{"lastBranch":0,"lastFunction":6,"lastStatement":6,"seen":{"f:4:8:4:18":0,"s:5:4:5:40":0,"f:8:8:8:23":1,"s:9:4:9:52":1,"f:12:8:12:22":2,"s:13:4:13:59":2,"f:16:8:16:14":3,"s:17:4:17:30":3,"f:20:8:20:25":4,"s:21:4:21:82":4,"f:24:8:24:25":5,"s:25:4:25:61":5},"fnNames":{}}}
,"C:\\Users\\ebert\\Documents\\GitHub\\plataforma-horarios-ia\\server\\src\\repositories\\schedule.repository.js": {"path":"C:\\Users\\ebert\\Documents\\GitHub\\plataforma-horarios-ia\\server\\src\\repositories\\schedule.repository.js","statementMap":{"0":{"start":{"line":5,"column":4},"end":{"line":5,"column":37}},"1":{"start":{"line":9,"column":4},"end":{"line":11,"column":26}},"2":{"start":{"line":15,"column":4},"end":{"line":17,"column":26}}},"fnMap":{"0":{"name":"create","decl":{"start":{"line":4,"column":8},"end":{"line":4,"column":14}},"loc":{"start":{"line":4,"column":21},"end":{"line":6,"column":3}},"line":4},"1":{"name":"findLatestByUser","decl":{"start":{"line":8,"column":8},"end":{"line":8,"column":24}},"loc":{"start":{"line":8,"column":33},"end":{"line":12,"column":3}},"line":8},"2":{"name":"findAllByUser","decl":{"start":{"line":14,"column":8},"end":{"line":14,"column":21}},"loc":{"start":{"line":14,"column":30},"end":{"line":18,"column":3}},"line":14}},"branchMap":{},"s":{"0":0,"1":0,"2":0},"f":{"0":0,"1":0,"2":0},"b":{},"meta":{"lastBranch":0,"lastFunction":3,"lastStatement":3,"seen":{"f:4:8:4:14":0,"s:5:4:5:37":0,"f:8:8:8:24":1,"s:9:4:11:26":1,"f:14:8:14:21":2,"s:15:4:17:26":2},"fnNames":{}}}
,"C:\\Users\\ebert\\Documents\\GitHub\\plataforma-horarios-ia\\server\\src\\repositories\\user.repository.js": {"path":"C:\\Users\\ebert\\Documents\\GitHub\\plataforma-horarios-ia\\server\\src\\repositories\\user.repository.js","statementMap":{"0":{"start":{"line":6,"column":4},"end":{"line":6,"column":85}},"1":{"start":{"line":10,"column":4},"end":{"line":10,"column":53}},"2":{"start":{"line":14,"column":4},"end":{"line":14,"column":28}},"3":{"start":{"line":18,"column":4},"end":{"line":18,"column":83}},"4":{"start":{"line":22,"column":4},"end":{"line":22,"column":47}}},"fnMap":{"0":{"name":"findByEmail","decl":{"start":{"line":4,"column":8},"end":{"line":4,"column":19}},"loc":{"start":{"line":4,"column":27},"end":{"line":7,"column":3}},"line":4},"1":{"name":"findById","decl":{"start":{"line":9,"column":8},"end":{"line":9,"column":16}},"loc":{"start":{"line":9,"column":21},"end":{"line":11,"column":3}},"line":9},"2":{"name":"create","decl":{"start":{"line":13,"column":8},"end":{"line":13,"column":14}},"loc":{"start":{"line":13,"column":21},"end":{"line":15,"column":3}},"line":13},"3":{"name":"updateById","decl":{"start":{"line":17,"column":8},"end":{"line":17,"column":18}},"loc":{"start":{"line":17,"column":29},"end":{"line":19,"column":3}},"line":17},"4":{"name":"findAll","decl":{"start":{"line":21,"column":8},"end":{"line":21,"column":15}},"loc":{"start":{"line":21,"column":18},"end":{"line":23,"column":3}},"line":21}},"branchMap":{},"s":{"0":0,"1":0,"2":0,"3":0,"4":0},"f":{"0":0,"1":0,"2":0,"3":0,"4":0},"b":{},"meta":{"lastBranch":0,"lastFunction":5,"lastStatement":5,"seen":{"f:4:8:4:19":0,"s:6:4:6:85":0,"f:9:8:9:16":1,"s:10:4:10:53":1,"f:13:8:13:14":2,"s:14:4:14:28":2,"f:17:8:17:18":3,"s:18:4:18:83":3,"f:21:8:21:15":4,"s:22:4:22:47":4},"fnNames":{}}}
,"C:\\Users\\ebert\\Documents\\GitHub\\plataforma-horarios-ia\\server\\src\\routes\\auth.routes.js": {"path":"C:\\Users\\ebert\\Documents\\GitHub\\plataforma-horarios-ia\\server\\src\\routes\\auth.routes.js","statementMap":{"0":{"start":{"line":5,"column":14},"end":{"line":5,"column":23}},"1":{"start":{"line":6,"column":0},"end":{"line":6,"column":34}},"2":{"start":{"line":7,"column":0},"end":{"line":7,"column":28}},"3":{"start":{"line":8,"column":0},"end":{"line":8,"column":33}},"4":{"start":{"line":9,"column":0},"end":{"line":9,"column":62}}},"fnMap":{},"branchMap":{},"s":{"0":3,"1":3,"2":3,"3":3,"4":3},"f":{},"b":{},"meta":{"lastBranch":0,"lastFunction":0,"lastStatement":5,"seen":{"s:5:14:5:23":0,"s:6:0:6:34":1,"s:7:0:7:28":2,"s:8:0:8:33":3,"s:9:0:9:62":4},"fnNames":{}}}
,"C:\\Users\\ebert\\Documents\\GitHub\\plataforma-horarios-ia\\server\\src\\routes\\course.routes.js": {"path":"C:\\Users\\ebert\\Documents\\GitHub\\plataforma-horarios-ia\\server\\src\\routes\\course.routes.js","statementMap":{"0":{"start":{"line":5,"column":14},"end":{"line":5,"column":23}},"1":{"start":{"line":6,"column":0},"end":{"line":6,"column":19}},"2":{"start":{"line":7,"column":0},"end":{"line":7,"column":27}},"3":{"start":{"line":8,"column":0},"end":{"line":8,"column":30}},"4":{"start":{"line":9,"column":0},"end":{"line":9,"column":32}},"5":{"start":{"line":10,"column":0},"end":{"line":10,"column":35}}},"fnMap":{},"branchMap":{},"s":{"0":3,"1":3,"2":3,"3":3,"4":3,"5":3},"f":{},"b":{},"meta":{"lastBranch":0,"lastFunction":0,"lastStatement":6,"seen":{"s:5:14:5:23":0,"s:6:0:6:19":1,"s:7:0:7:27":2,"s:8:0:8:30":3,"s:9:0:9:32":4,"s:10:0:10:35":5},"fnNames":{}}}
,"C:\\Users\\ebert\\Documents\\GitHub\\plataforma-horarios-ia\\server\\src\\routes\\schedule.routes.js": {"path":"C:\\Users\\ebert\\Documents\\GitHub\\plataforma-horarios-ia\\server\\src\\routes\\schedule.routes.js","statementMap":{"0":{"start":{"line":5,"column":14},"end":{"line":5,"column":23}},"1":{"start":{"line":6,"column":0},"end":{"line":6,"column":19}},"2":{"start":{"line":7,"column":0},"end":{"line":7,"column":34}},"3":{"start":{"line":8,"column":0},"end":{"line":8,"column":32}},"4":{"start":{"line":9,"column":0},"end":{"line":9,"column":23}}},"fnMap":{},"branchMap":{},"s":{"0":3,"1":3,"2":3,"3":3,"4":3},"f":{},"b":{},"meta":{"lastBranch":0,"lastFunction":0,"lastStatement":5,"seen":{"s:5:14:5:23":0,"s:6:0:6:19":1,"s:7:0:7:34":2,"s:8:0:8:32":3,"s:9:0:9:23":4},"fnNames":{}}}
,"C:\\Users\\ebert\\Documents\\GitHub\\plataforma-horarios-ia\\server\\src\\services\\gemini.service.js": {"path":"C:\\Users\\ebert\\Documents\\GitHub\\plataforma-horarios-ia\\server\\src\\services\\gemini.service.js","statementMap":{"0":{"start":{"line":3,"column":0},"end":{"line":3,"column":15}},"1":{"start":{"line":5,"column":14},"end":{"line":5,"column":64}},"2":{"start":{"line":6,"column":14},"end":{"line":6,"column":69}},"3":{"start":{"line":8,"column":32},"end":{"line":65,"column":null}},"4":{"start":{"line":10,"column":21},"end":{"line":15,"column":14}},"5":{"start":{"line":11,"column":4},"end":{"line":14,"column":62}},"6":{"start":{"line":17,"column":24},"end":{"line":21,"column":3}},"7":{"start":{"line":22,"column":25},"end":{"line":22,"column":76}},"8":{"start":{"line":24,"column":23},"end":{"line":27,"column":8}},"9":{"start":{"line":26,"column":36},"end":{"line":26,"column":54}},"10":{"start":{"line":29,"column":17},"end":{"line":61,"column":59}},"11":{"start":{"line":63,"column":17},"end":{"line":63,"column":52}},"12":{"start":{"line":64,"column":2},"end":{"line":64,"column":31}}},"fnMap":{"0":{"name":"(anonymous_0)","decl":{"start":{"line":8,"column":32},"end":{"line":8,"column":37}},"loc":{"start":{"line":8,"column":94},"end":{"line":65,"column":null}},"line":8},"1":{"name":"(anonymous_1)","decl":{"start":{"line":10,"column":33},"end":{"line":10,"column":34}},"loc":{"start":{"line":11,"column":4},"end":{"line":14,"column":62}},"line":11},"2":{"name":"(anonymous_2)","decl":{"start":{"line":26,"column":26},"end":{"line":26,"column":27}},"loc":{"start":{"line":26,"column":36},"end":{"line":26,"column":54}},"line":26}},"branchMap":{"0":{"loc":{"start":{"line":14,"column":5},"end":{"line":14,"column":61}},"type":"cond-expr","locations":[{"start":{"line":14,"column":24},"end":{"line":14,"column":56}},{"start":{"line":14,"column":59},"end":{"line":14,"column":61}}],"line":14},"1":{"loc":{"start":{"line":22,"column":25},"end":{"line":22,"column":76}},"type":"binary-expr","locations":[{"start":{"line":22,"column":25},"end":{"line":22,"column":50}},{"start":{"line":22,"column":54},"end":{"line":22,"column":76}}],"line":22},"2":{"loc":{"start":{"line":24,"column":23},"end":{"line":27,"column":8}},"type":"cond-expr","locations":[{"start":{"line":25,"column":6},"end":{"line":26,"column":66}},{"start":{"line":27,"column":6},"end":{"line":27,"column":8}}],"line":24},"3":{"loc":{"start":{"line":30,"column":58},"end":{"line":30,"column":85}},"type":"binary-expr","locations":[{"start":{"line":30,"column":58},"end":{"line":30,"column":66}},{"start":{"line":30,"column":70},"end":{"line":30,"column":85}}],"line":30}},"s":{"0":2,"1":2,"2":2,"3":2,"4":0,"5":0,"6":0,"7":0,"8":0,"9":0,"10":0,"11":0,"12":0},"f":{"0":0,"1":0,"2":0},"b":{"0":[0,0],"1":[0,0],"2":[0,0],"3":[0,0]},"meta":{"lastBranch":4,"lastFunction":3,"lastStatement":13,"seen":{"s:3:0:3:15":0,"s:5:14:5:64":1,"s:6:14:6:69":2,"s:8:32:65:Infinity":3,"f:8:32:8:37":0,"s:10:21:15:14":4,"f:10:33:10:34":1,"s:11:4:14:62":5,"b:14:24:14:56:14:59:14:61":0,"s:17:24:21:3":6,"s:22:25:22:76":7,"b:22:25:22:50:22:54:22:76":1,"s:24:23:27:8":8,"b:25:6:26:66:27:6:27:8":2,"f:26:26:26:27":2,"s:26:36:26:54":9,"s:29:17:61:59":10,"b:30:58:30:66:30:70:30:85":3,"s:63:17:63:52":11,"s:64:2:64:31":12},"fnNames":{}}}
,"C:\\Users\\ebert\\Documents\\GitHub\\plataforma-horarios-ia\\server\\src\\utils\\audit.js": {"path":"C:\\Users\\ebert\\Documents\\GitHub\\plataforma-horarios-ia\\server\\src\\utils\\audit.js","statementMap":{"0":{"start":{"line":3,"column":25},"end":{"line":17,"column":null}},"1":{"start":{"line":4,"column":2},"end":{"line":16,"column":3}},"2":{"start":{"line":5,"column":4},"end":{"line":13,"column":6}},"3":{"start":{"line":15,"column":4},"end":{"line":15,"column":61}}},"fnMap":{"0":{"name":"(anonymous_0)","decl":{"start":{"line":3,"column":25},"end":{"line":3,"column":30}},"loc":{"start":{"line":3,"column":103},"end":{"line":17,"column":null}},"line":3}},"branchMap":{"0":{"loc":{"start":{"line":3,"column":65},"end":{"line":3,"column":83}},"type":"default-arg","locations":[{"start":{"line":3,"column":74},"end":{"line":3,"column":83}}],"line":3},"1":{"loc":{"start":{"line":3,"column":85},"end":{"line":3,"column":96}},"type":"default-arg","locations":[{"start":{"line":3,"column":94},"end":{"line":3,"column":96}}],"line":3}},"s":{"0":1,"1":0,"2":0,"3":0},"f":{"0":0},"b":{"0":[0],"1":[0]},"meta":{"lastBranch":2,"lastFunction":1,"lastStatement":4,"seen":{"s:3:25:17:Infinity":0,"f:3:25:3:30":0,"b:3:74:3:83":0,"b:3:94:3:96":1,"s:4:2:16:3":1,"s:5:4:13:6":2,"s:15:4:15:61":3},"fnNames":{}}}
,"C:\\Users\\ebert\\Documents\\GitHub\\plataforma-horarios-ia\\server\\src\\utils\\generateToken.js": {"path":"C:\\Users\\ebert\\Documents\\GitHub\\plataforma-horarios-ia\\server\\src\\utils\\generateToken.js","statementMap":{"0":{"start":{"line":3,"column":0},"end":{"line":3,"column":15}},"1":{"start":{"line":5,"column":29},"end":{"line":8,"column":null}},"2":{"start":{"line":6,"column":2},"end":{"line":8,"column":null}}},"fnMap":{"0":{"name":"(anonymous_0)","decl":{"start":{"line":5,"column":29},"end":{"line":5,"column":30}},"loc":{"start":{"line":6,"column":2},"end":{"line":8,"column":null}},"line":6}},"branchMap":{"0":{"loc":{"start":{"line":7,"column":15},"end":{"line":7,"column":49}},"type":"binary-expr","locations":[{"start":{"line":7,"column":15},"end":{"line":7,"column":41}},{"start":{"line":7,"column":45},"end":{"line":7,"column":49}}],"line":7}},"s":{"0":3,"1":3,"2":2},"f":{"0":2},"b":{"0":[2,2]},"meta":{"lastBranch":1,"lastFunction":1,"lastStatement":3,"seen":{"s:3:0:3:15":0,"s:5:29:8:Infinity":1,"f:5:29:5:30":0,"s:6:2:8:Infinity":2,"b:7:15:7:41:7:45:7:49":0},"fnNames":{}}}
}
